2016/09/08 16:27:30 INFO  - jmeter.util.JMeterUtils: Setting Locale to en_US 
2016/09/08 16:27:30 INFO  - jmeter.JMeter: Loading user properties from: /Users/sidnarang/.bzt/jmeter-taurus/bin/user.properties 
2016/09/08 16:27:30 INFO  - jmeter.JMeter: Loading system properties from: /Users/sidnarang/.bzt/jmeter-taurus/bin/system.properties 
2016/09/08 16:27:30 INFO  - jmeter.JMeter: Copyright (c) 1998-2015 The Apache Software Foundation 
2016/09/08 16:27:30 INFO  - jmeter.JMeter: Version 2.13 r1665067 
2016/09/08 16:27:30 INFO  - jmeter.JMeter: java.version=1.8.0_45 
2016/09/08 16:27:30 INFO  - jmeter.JMeter: java.vm.name=Java HotSpot(TM) 64-Bit Server VM 
2016/09/08 16:27:30 INFO  - jmeter.JMeter: os.name=Mac OS X 
2016/09/08 16:27:30 INFO  - jmeter.JMeter: os.arch=x86_64 
2016/09/08 16:27:30 INFO  - jmeter.JMeter: os.version=10.10.5 
2016/09/08 16:27:30 INFO  - jmeter.JMeter: file.encoding=UTF-8 
2016/09/08 16:27:30 INFO  - jmeter.JMeter: Default Locale=English (United States) 
2016/09/08 16:27:30 INFO  - jmeter.JMeter: JMeter  Locale=English (United States) 
2016/09/08 16:27:30 INFO  - jmeter.JMeter: JMeterHome=/Users/sidnarang/.bzt/jmeter-taurus 
2016/09/08 16:27:30 INFO  - jmeter.JMeter: user.dir  =/Users/sidnarang/Desktop/justsimpledemo/jenkins 
2016/09/08 16:27:30 INFO  - jmeter.JMeter: PWD       =/Users/sidnarang/Desktop/justsimpledemo/jenkins 
2016/09/08 16:27:30 INFO  - jmeter.JMeter: IP: 10.0.0.57 Name: Sids-MacBook-Pro-2.local FullName: 10.0.0.57 
2016/09/08 16:27:30 INFO  - jmeter.JMeter: user.classpath=/Users/sidnarang/Desktop/justsimpledemo/jenkins/2016-09-08_16-27-29.732384 
2016/09/08 16:27:30 INFO  - jmeter.JMeter: Adding to classpath and loader: /Users/sidnarang/Desktop/justsimpledemo/jenkins/2016-09-08_16-27-29.732384 
2016/09/08 16:27:30 INFO  - jmeter.services.FileServer: Default base='/Users/sidnarang/Desktop/justsimpledemo/jenkins' 
2016/09/08 16:27:30 INFO  - jmeter.services.FileServer: Set new base='/Users/sidnarang/Desktop/justsimpledemo/jenkins' 
2016/09/08 16:27:30 INFO  - jmeter.save.SaveService: Testplan (JMX) version: 2.2. Testlog (JTL) version: 2.2 
2016/09/08 16:27:30 INFO  - jmeter.save.SaveService: Using SaveService properties file encoding UTF-8 
2016/09/08 16:27:30 INFO  - jmeter.save.SaveService: Using SaveService properties file version 1656252 
2016/09/08 16:27:30 INFO  - jmeter.save.SaveService: Using SaveService properties version 2.8 
2016/09/08 16:27:30 INFO  - jmeter.save.SaveService: All converter versions present and correct 
2016/09/08 16:27:30 INFO  - jmeter.save.SaveService: Loading file: /Users/sidnarang/Desktop/justsimpledemo/jenkins/modified__blazedemo_v5.jmx 
2016/09/08 16:27:30 INFO  - jmeter.protocol.http.control.CookieManager: Settings: Delete null: true Check: true Allow variable: true Save: false Prefix: COOKIE_ 
2016/09/08 16:27:30 INFO  - jmeter.protocol.http.control.CacheManager: Will only cache the following methods: [GET] 
2016/09/08 16:27:30 INFO  - jmeter.protocol.http.sampler.HTTPSamplerBase: Cannot find .className property for htmlParser, using default 
2016/09/08 16:27:30 INFO  - jmeter.protocol.http.sampler.HTTPSamplerBase: Parser for text/html is  
2016/09/08 16:27:30 INFO  - jmeter.protocol.http.sampler.HTTPSamplerBase: Parser for application/xhtml+xml is  
2016/09/08 16:27:30 INFO  - jmeter.protocol.http.sampler.HTTPSamplerBase: Parser for application/xml is  
2016/09/08 16:27:30 INFO  - jmeter.protocol.http.sampler.HTTPSamplerBase: Parser for text/xml is  
2016/09/08 16:27:30 INFO  - jmeter.protocol.http.sampler.HTTPSamplerBase: Parser for text/vnd.wap.wml is org.apache.jmeter.protocol.http.parser.RegexpHTMLParser 
2016/09/08 16:27:30 INFO  - jmeter.engine.StandardJMeterEngine: Listeners will be started after enabling running version 
2016/09/08 16:27:30 INFO  - jmeter.engine.StandardJMeterEngine: To revert to the earlier behaviour, define jmeterengine.startlistenerslater=false 
2016/09/08 16:27:30 INFO  - jmeter.engine.StandardJMeterEngine: Running the test! 
2016/09/08 16:27:30 INFO  - jmeter.samplers.SampleEvent: List of sample_variables: [] 
2016/09/08 16:27:30 INFO  - jmeter.samplers.SampleEvent: List of sample_variables: [] 
2016/09/08 16:27:30 INFO  - jmeter.engine.util.CompoundVariable: Note: Function class names must contain the string: '.functions.' 
2016/09/08 16:27:30 INFO  - jmeter.engine.util.CompoundVariable: Note: Function class names must not contain the string: '.gui.' 
2016/09/08 16:27:30 INFO  - jmeter.JMeter: Running test (1473377250713) 
2016/09/08 16:27:30 INFO  - jmeter.engine.StandardJMeterEngine: Starting ThreadGroup: 1 : Thread Group 
2016/09/08 16:27:30 INFO  - jmeter.engine.StandardJMeterEngine: Starting 100 threads for group Thread Group. 
2016/09/08 16:27:30 INFO  - jmeter.engine.StandardJMeterEngine: Thread will continue on error 
2016/09/08 16:27:30 INFO  - jmeter.threads.ThreadGroup: Starting thread group number 1 threads 100 ramp-up 1200 perThread 12000.0 delayedStart=false 
2016/09/08 16:27:30 INFO  - jmeter.threads.JMeterThread: jmeterthread.startearlier=true (see jmeter.properties) 
2016/09/08 16:27:30 INFO  - jmeter.threads.JMeterThread: Running PostProcessors in forward order 
2016/09/08 16:27:30 INFO  - jmeter.threads.JMeterThread: Thread started: Thread Group 1-1 
2016/09/08 16:27:30 INFO  - jmeter.threads.ThreadGroup: Started thread group number 1 
2016/09/08 16:27:30 INFO  - jmeter.engine.StandardJMeterEngine: All thread groups have been started 
2016/09/08 16:27:31 INFO  - jmeter.protocol.http.sampler.HTTPHCAbstractImpl: Local host = Sids-MacBook-Pro-2.local 
2016/09/08 16:27:31 INFO  - jmeter.protocol.http.sampler.HTTPHC4Impl: HTTP request retry count = 0 
2016/09/08 16:27:31 INFO  - jmeter.protocol.http.sampler.HTTPHC4Impl: Setting up HTTPS TrustAll scheme 
2016/09/08 16:27:31 INFO  - jmeter.util.JsseSSLManager: Using default SSL protocol: TLS 
2016/09/08 16:27:31 INFO  - jmeter.util.JsseSSLManager: SSL session context: per-thread 
2016/09/08 16:27:31 INFO  - jmeter.samplers.SampleResult: Note: Sample TimeStamps are START times 
2016/09/08 16:27:31 INFO  - jmeter.samplers.SampleResult: sampleresult.default.encoding is set to ISO-8859-1 
2016/09/08 16:27:31 INFO  - jmeter.samplers.SampleResult: sampleresult.useNanoTime=true 
2016/09/08 16:27:31 INFO  - jmeter.samplers.SampleResult: sampleresult.nanoThreadSleep=5000 
2016/09/08 16:27:32 INFO  - jmeter.protocol.http.parser.HTMLParser: Created org.apache.jmeter.protocol.http.parser.LagartoBasedHtmlParser 
2016/09/08 16:27:42 INFO  - jmeter.threads.JMeterThread: Thread started: Thread Group 1-2 
2016/09/08 16:27:54 INFO  - jmeter.threads.JMeterThread: Thread started: Thread Group 1-3 
2016/09/08 16:28:06 INFO  - jmeter.threads.JMeterThread: Thread started: Thread Group 1-4 
2016/09/08 16:28:18 INFO  - jmeter.threads.JMeterThread: Thread started: Thread Group 1-5 
2016/09/08 16:28:24 INFO  - jmeter.JMeter: Command: Shutdown received from /127.0.0.1 
2016/09/08 16:28:24 INFO  - jmeter.threads.JMeterThread: Stopping: Thread Group 1-56 
2016/09/08 16:28:24 INFO  - jmeter.threads.JMeterThread: Stopping: Thread Group 1-93 
2016/09/08 16:28:24 INFO  - jmeter.threads.JMeterThread: Stopping: Thread Group 1-23 
2016/09/08 16:28:24 INFO  - jmeter.threads.JMeterThread: Stopping: Thread Group 1-62 
2016/09/08 16:28:24 INFO  - jmeter.threads.JMeterThread: Stopping: Thread Group 1-95 
2016/09/08 16:28:24 INFO  - jmeter.threads.JMeterThread: Stopping: Thread Group 1-64 
2016/09/08 16:28:24 INFO  - jmeter.threads.JMeterThread: Stopping: Thread Group 1-26 
2016/09/08 16:28:24 INFO  - jmeter.threads.JMeterThread: Stopping: Thread Group 1-6 
2016/09/08 16:28:24 INFO  - jmeter.threads.JMeterThread: Stopping: Thread Group 1-32 
2016/09/08 16:28:24 INFO  - jmeter.threads.JMeterThread: Stopping: Thread Group 1-54 
2016/09/08 16:28:24 INFO  - jmeter.threads.JMeterThread: Stopping: Thread Group 1-10 
2016/09/08 16:28:24 INFO  - jmeter.threads.JMeterThread: Stopping: Thread Group 1-60 
2016/09/08 16:28:24 INFO  - jmeter.threads.JMeterThread: Stopping: Thread Group 1-35 
2016/09/08 16:28:24 INFO  - jmeter.threads.JMeterThread: Stopping: Thread Group 1-4 
2016/09/08 16:28:24 INFO  - jmeter.threads.JMeterThread: Stopping: Thread Group 1-7 
2016/09/08 16:28:24 INFO  - jmeter.threads.JMeterThread: Stopping: Thread Group 1-72 
2016/09/08 16:28:24 INFO  - jmeter.threads.JMeterThread: Stopping: Thread Group 1-1 
2016/09/08 16:28:24 INFO  - jmeter.threads.JMeterThread: Stopping: Thread Group 1-41 
2016/09/08 16:28:24 INFO  - jmeter.threads.JMeterThread: Stopping: Thread Group 1-86 
2016/09/08 16:28:24 INFO  - jmeter.threads.JMeterThread: Stopping: Thread Group 1-8 
2016/09/08 16:28:24 INFO  - jmeter.threads.JMeterThread: Stopping: Thread Group 1-49 
2016/09/08 16:28:24 INFO  - jmeter.threads.JMeterThread: Stopping: Thread Group 1-59 
2016/09/08 16:28:24 INFO  - jmeter.threads.JMeterThread: Stopping: Thread Group 1-18 
2016/09/08 16:28:24 INFO  - jmeter.threads.JMeterThread: Stopping: Thread Group 1-91 
2016/09/08 16:28:24 INFO  - jmeter.threads.JMeterThread: Stopping: Thread Group 1-79 
2016/09/08 16:28:24 INFO  - jmeter.threads.JMeterThread: Stopping: Thread Group 1-63 
2016/09/08 16:28:24 INFO  - jmeter.threads.JMeterThread: Stopping: Thread Group 1-12 
2016/09/08 16:28:24 INFO  - jmeter.threads.JMeterThread: Stopping: Thread Group 1-19 
2016/09/08 16:28:24 INFO  - jmeter.threads.JMeterThread: Stopping: Thread Group 1-96 
2016/09/08 16:28:24 INFO  - jmeter.threads.JMeterThread: Stopping: Thread Group 1-80 
2016/09/08 16:28:24 INFO  - jmeter.threads.JMeterThread: Stopping: Thread Group 1-17 
2016/09/08 16:28:24 INFO  - jmeter.threads.JMeterThread: Stopping: Thread Group 1-21 
2016/09/08 16:28:24 INFO  - jmeter.threads.JMeterThread: Stopping: Thread Group 1-89 
2016/09/08 16:28:24 INFO  - jmeter.threads.JMeterThread: Stopping: Thread Group 1-58 
2016/09/08 16:28:24 INFO  - jmeter.threads.JMeterThread: Stopping: Thread Group 1-69 
2016/09/08 16:28:24 INFO  - jmeter.threads.JMeterThread: Stopping: Thread Group 1-51 
2016/09/08 16:28:24 INFO  - jmeter.threads.JMeterThread: Stopping: Thread Group 1-73 
2016/09/08 16:28:24 INFO  - jmeter.threads.JMeterThread: Stopping: Thread Group 1-30 
2016/09/08 16:28:24 INFO  - jmeter.threads.JMeterThread: Stopping: Thread Group 1-71 
2016/09/08 16:28:24 INFO  - jmeter.threads.JMeterThread: Stopping: Thread Group 1-76 
2016/09/08 16:28:24 INFO  - jmeter.threads.JMeterThread: Stopping: Thread Group 1-42 
2016/09/08 16:28:24 INFO  - jmeter.threads.JMeterThread: Stopping: Thread Group 1-68 
2016/09/08 16:28:24 INFO  - jmeter.threads.JMeterThread: Stopping: Thread Group 1-66 
2016/09/08 16:28:24 INFO  - jmeter.threads.JMeterThread: Stopping: Thread Group 1-88 
2016/09/08 16:28:24 INFO  - jmeter.threads.JMeterThread: Stopping: Thread Group 1-27 
2016/09/08 16:28:24 INFO  - jmeter.threads.JMeterThread: Stopping: Thread Group 1-74 
2016/09/08 16:28:24 INFO  - jmeter.threads.JMeterThread: Stopping: Thread Group 1-55 
2016/09/08 16:28:24 INFO  - jmeter.threads.JMeterThread: Stopping: Thread Group 1-47 
2016/09/08 16:28:24 INFO  - jmeter.threads.JMeterThread: Stopping: Thread Group 1-29 
2016/09/08 16:28:24 INFO  - jmeter.threads.JMeterThread: Stopping: Thread Group 1-15 
2016/09/08 16:28:24 INFO  - jmeter.threads.JMeterThread: Stopping: Thread Group 1-100 
2016/09/08 16:28:24 INFO  - jmeter.threads.JMeterThread: Stopping: Thread Group 1-84 
2016/09/08 16:28:24 INFO  - jmeter.threads.JMeterThread: Stopping: Thread Group 1-45 
2016/09/08 16:28:24 INFO  - jmeter.threads.JMeterThread: Stopping: Thread Group 1-57 
2016/09/08 16:28:24 INFO  - jmeter.threads.JMeterThread: Stopping: Thread Group 1-52 
2016/09/08 16:28:24 INFO  - jmeter.threads.JMeterThread: Stopping: Thread Group 1-53 
2016/09/08 16:28:24 INFO  - jmeter.threads.JMeterThread: Stopping: Thread Group 1-97 
2016/09/08 16:28:24 INFO  - jmeter.threads.JMeterThread: Stopping: Thread Group 1-11 
2016/09/08 16:28:24 INFO  - jmeter.threads.JMeterThread: Stopping: Thread Group 1-81 
2016/09/08 16:28:24 INFO  - jmeter.threads.JMeterThread: Stopping: Thread Group 1-36 
2016/09/08 16:28:24 INFO  - jmeter.threads.JMeterThread: Stopping: Thread Group 1-85 
2016/09/08 16:28:24 INFO  - jmeter.threads.JMeterThread: Stopping: Thread Group 1-38 
2016/09/08 16:28:24 INFO  - jmeter.threads.JMeterThread: Stopping: Thread Group 1-77 
2016/09/08 16:28:24 INFO  - jmeter.threads.JMeterThread: Stopping: Thread Group 1-61 
2016/09/08 16:28:24 INFO  - jmeter.threads.JMeterThread: Stopping: Thread Group 1-48 
2016/09/08 16:28:24 INFO  - jmeter.threads.JMeterThread: Stopping: Thread Group 1-98 
2016/09/08 16:28:24 INFO  - jmeter.threads.JMeterThread: Stopping: Thread Group 1-90 
2016/09/08 16:28:24 INFO  - jmeter.threads.JMeterThread: Stopping: Thread Group 1-78 
2016/09/08 16:28:24 INFO  - jmeter.threads.JMeterThread: Stopping: Thread Group 1-43 
2016/09/08 16:28:24 INFO  - jmeter.threads.JMeterThread: Stopping: Thread Group 1-39 
2016/09/08 16:28:24 INFO  - jmeter.threads.JMeterThread: Stopping: Thread Group 1-82 
2016/09/08 16:28:24 INFO  - jmeter.threads.JMeterThread: Stopping: Thread Group 1-87 
2016/09/08 16:28:24 INFO  - jmeter.threads.JMeterThread: Stopping: Thread Group 1-13 
2016/09/08 16:28:24 INFO  - jmeter.threads.JMeterThread: Stopping: Thread Group 1-75 
2016/09/08 16:28:24 INFO  - jmeter.threads.JMeterThread: Stopping: Thread Group 1-83 
2016/09/08 16:28:24 INFO  - jmeter.threads.JMeterThread: Stopping: Thread Group 1-92 
2016/09/08 16:28:24 INFO  - jmeter.threads.JMeterThread: Stopping: Thread Group 1-25 
2016/09/08 16:28:24 INFO  - jmeter.threads.JMeterThread: Stopping: Thread Group 1-46 
2016/09/08 16:28:24 INFO  - jmeter.threads.JMeterThread: Stopping: Thread Group 1-34 
2016/09/08 16:28:24 INFO  - jmeter.threads.JMeterThread: Stopping: Thread Group 1-94 
2016/09/08 16:28:24 INFO  - jmeter.threads.JMeterThread: Stopping: Thread Group 1-31 
2016/09/08 16:28:24 INFO  - jmeter.threads.JMeterThread: Stopping: Thread Group 1-40 
2016/09/08 16:28:24 INFO  - jmeter.threads.JMeterThread: Stopping: Thread Group 1-2 
2016/09/08 16:28:24 INFO  - jmeter.threads.JMeterThread: Stopping: Thread Group 1-24 
2016/09/08 16:28:24 INFO  - jmeter.threads.JMeterThread: Stopping: Thread Group 1-9 
2016/09/08 16:28:24 INFO  - jmeter.threads.JMeterThread: Stopping: Thread Group 1-3 
2016/09/08 16:28:24 INFO  - jmeter.threads.JMeterThread: Stopping: Thread Group 1-14 
2016/09/08 16:28:24 INFO  - jmeter.threads.JMeterThread: Stopping: Thread Group 1-50 
2016/09/08 16:28:24 INFO  - jmeter.threads.JMeterThread: Stopping: Thread Group 1-20 
2016/09/08 16:28:24 INFO  - jmeter.threads.JMeterThread: Stopping: Thread Group 1-33 
2016/09/08 16:28:24 INFO  - jmeter.threads.JMeterThread: Stopping: Thread Group 1-99 
2016/09/08 16:28:24 INFO  - jmeter.threads.JMeterThread: Stopping: Thread Group 1-65 
2016/09/08 16:28:24 INFO  - jmeter.threads.JMeterThread: Stopping: Thread Group 1-22 
2016/09/08 16:28:24 INFO  - jmeter.threads.JMeterThread: Stopping: Thread Group 1-44 
2016/09/08 16:28:24 INFO  - jmeter.threads.JMeterThread: Stopping: Thread Group 1-28 
2016/09/08 16:28:24 INFO  - jmeter.threads.JMeterThread: Stopping: Thread Group 1-70 
2016/09/08 16:28:24 INFO  - jmeter.threads.JMeterThread: Stopping: Thread Group 1-5 
2016/09/08 16:28:24 INFO  - jmeter.threads.JMeterThread: Stopping: Thread Group 1-16 
2016/09/08 16:28:24 INFO  - jmeter.threads.JMeterThread: Stopping: Thread Group 1-67 
2016/09/08 16:28:24 INFO  - jmeter.threads.JMeterThread: Stopping: Thread Group 1-37 
2016/09/08 16:28:24 INFO  - jmeter.threads.JMeterThread: Thread started: Thread Group 1-49 
2016/09/08 16:28:24 INFO  - jmeter.threads.JMeterThread: Thread started: Thread Group 1-56 
2016/09/08 16:28:24 INFO  - jmeter.threads.JMeterThread: Thread started: Thread Group 1-21 
2016/09/08 16:28:24 INFO  - jmeter.threads.JMeterThread: Thread started: Thread Group 1-71 
2016/09/08 16:28:24 INFO  - jmeter.threads.JMeterThread: Thread started: Thread Group 1-35 
2016/09/08 16:28:24 INFO  - jmeter.threads.JMeterThread: Thread started: Thread Group 1-8 
2016/09/08 16:28:24 INFO  - jmeter.threads.JMeterThread: Thread started: Thread Group 1-46 
2016/09/08 16:28:24 INFO  - jmeter.threads.JMeterThread: Thread started: Thread Group 1-74 
2016/09/08 16:28:24 INFO  - jmeter.threads.JMeterThread: Thread started: Thread Group 1-82 
2016/09/08 16:28:24 INFO  - jmeter.threads.JMeterThread: Thread started: Thread Group 1-64 
2016/09/08 16:28:24 INFO  - jmeter.threads.JMeterThread: Thread started: Thread Group 1-79 
2016/09/08 16:28:24 INFO  - jmeter.threads.JMeterThread: Thread started: Thread Group 1-41 
2016/09/08 16:28:24 INFO  - jmeter.threads.JMeterThread: Thread started: Thread Group 1-47 
2016/09/08 16:28:24 INFO  - jmeter.threads.JMeterThread: Thread started: Thread Group 1-18 
2016/09/08 16:28:24 INFO  - jmeter.threads.JMeterThread: Thread started: Thread Group 1-34 
2016/09/08 16:28:24 INFO  - jmeter.threads.JMeterThread: Thread started: Thread Group 1-32 
2016/09/08 16:28:24 INFO  - jmeter.threads.JMeterThread: Thread started: Thread Group 1-89 
2016/09/08 16:28:24 INFO  - jmeter.threads.JMeterThread: Thread started: Thread Group 1-26 
2016/09/08 16:28:24 INFO  - jmeter.threads.JMeterThread: Thread started: Thread Group 1-61 
2016/09/08 16:28:24 INFO  - jmeter.threads.JMeterThread: Thread started: Thread Group 1-40 
2016/09/08 16:28:24 INFO  - jmeter.threads.JMeterThread: Thread started: Thread Group 1-27 
2016/09/08 16:28:24 INFO  - jmeter.threads.JMeterThread: Thread started: Thread Group 1-91 
2016/09/08 16:28:24 INFO  - jmeter.threads.JMeterThread: Thread finished: Thread Group 1-27 
2016/09/08 16:28:24 INFO  - jmeter.threads.JMeterThread: Thread finished: Thread Group 1-40 
2016/09/08 16:28:24 INFO  - jmeter.threads.JMeterThread: Thread finished: Thread Group 1-61 
2016/09/08 16:28:24 INFO  - jmeter.threads.JMeterThread: Thread finished: Thread Group 1-26 
2016/09/08 16:28:24 INFO  - jmeter.threads.JMeterThread: Thread finished: Thread Group 1-89 
2016/09/08 16:28:24 INFO  - jmeter.threads.JMeterThread: Thread finished: Thread Group 1-32 
2016/09/08 16:28:24 INFO  - jmeter.threads.JMeterThread: Thread finished: Thread Group 1-34 
2016/09/08 16:28:24 INFO  - jmeter.threads.JMeterThread: Thread finished: Thread Group 1-18 
2016/09/08 16:28:24 INFO  - jmeter.threads.JMeterThread: Thread finished: Thread Group 1-47 
2016/09/08 16:28:24 INFO  - jmeter.threads.JMeterThread: Thread finished: Thread Group 1-41 
2016/09/08 16:28:24 INFO  - jmeter.threads.JMeterThread: Thread finished: Thread Group 1-79 
2016/09/08 16:28:24 INFO  - jmeter.threads.JMeterThread: Thread finished: Thread Group 1-64 
2016/09/08 16:28:24 INFO  - jmeter.threads.JMeterThread: Thread started: Thread Group 1-39 
2016/09/08 16:28:24 INFO  - jmeter.threads.JMeterThread: Thread started: Thread Group 1-37 
2016/09/08 16:28:24 INFO  - jmeter.threads.JMeterThread: Thread finished: Thread Group 1-82 
2016/09/08 16:28:24 INFO  - jmeter.threads.JMeterThread: Thread started: Thread Group 1-83 
2016/09/08 16:28:24 INFO  - jmeter.threads.JMeterThread: Thread started: Thread Group 1-88 
2016/09/08 16:28:24 INFO  - jmeter.threads.JMeterThread: Thread started: Thread Group 1-86 
2016/09/08 16:28:24 INFO  - jmeter.threads.JMeterThread: Thread finished: Thread Group 1-74 
2016/09/08 16:28:24 INFO  - jmeter.threads.JMeterThread: Thread started: Thread Group 1-76 
2016/09/08 16:28:24 INFO  - jmeter.threads.JMeterThread: Thread started: Thread Group 1-80 
2016/09/08 16:28:24 INFO  - jmeter.threads.JMeterThread: Thread started: Thread Group 1-93 
2016/09/08 16:28:24 INFO  - jmeter.threads.JMeterThread: Thread started: Thread Group 1-77 
2016/09/08 16:28:24 INFO  - jmeter.threads.JMeterThread: Thread started: Thread Group 1-38 
2016/09/08 16:28:24 INFO  - jmeter.threads.JMeterThread: Thread started: Thread Group 1-57 
2016/09/08 16:28:24 INFO  - jmeter.threads.JMeterThread: Thread started: Thread Group 1-44 
2016/09/08 16:28:24 INFO  - jmeter.threads.JMeterThread: Thread started: Thread Group 1-30 
2016/09/08 16:28:24 INFO  - jmeter.threads.JMeterThread: Thread started: Thread Group 1-63 
2016/09/08 16:28:24 INFO  - jmeter.threads.JMeterThread: Thread started: Thread Group 1-55 
2016/09/08 16:28:24 INFO  - jmeter.threads.JMeterThread: Thread finished: Thread Group 1-46 
2016/09/08 16:28:24 INFO  - jmeter.threads.JMeterThread: Thread started: Thread Group 1-69 
2016/09/08 16:28:24 INFO  - jmeter.threads.JMeterThread: Thread started: Thread Group 1-42 
2016/09/08 16:28:24 INFO  - jmeter.threads.JMeterThread: Thread started: Thread Group 1-48 
2016/09/08 16:28:24 INFO  - jmeter.threads.JMeterThread: Thread started: Thread Group 1-60 
2016/09/08 16:28:24 INFO  - jmeter.threads.JMeterThread: Thread started: Thread Group 1-72 
2016/09/08 16:28:24 INFO  - jmeter.threads.JMeterThread: Thread started: Thread Group 1-50 
2016/09/08 16:28:24 INFO  - jmeter.threads.JMeterThread: Thread started: Thread Group 1-36 
2016/09/08 16:28:24 INFO  - jmeter.threads.JMeterThread: Thread started: Thread Group 1-99 
2016/09/08 16:28:24 INFO  - jmeter.threads.JMeterThread: Thread finished: Thread Group 1-8 
2016/09/08 16:28:24 INFO  - jmeter.threads.JMeterThread: Thread finished: Thread Group 1-99 
2016/09/08 16:28:24 INFO  - jmeter.threads.JMeterThread: Thread started: Thread Group 1-66 
2016/09/08 16:28:24 INFO  - jmeter.threads.JMeterThread: Thread started: Thread Group 1-85 
2016/09/08 16:28:24 INFO  - jmeter.threads.JMeterThread: Thread started: Thread Group 1-31 
2016/09/08 16:28:24 INFO  - jmeter.threads.JMeterThread: Thread started: Thread Group 1-100 
2016/09/08 16:28:24 INFO  - jmeter.threads.JMeterThread: Thread started: Thread Group 1-52 
2016/09/08 16:28:24 INFO  - jmeter.threads.JMeterThread: Thread started: Thread Group 1-87 
2016/09/08 16:28:24 INFO  - jmeter.threads.JMeterThread: Thread started: Thread Group 1-75 
2016/09/08 16:28:24 INFO  - jmeter.threads.JMeterThread: Thread started: Thread Group 1-29 
2016/09/08 16:28:24 INFO  - jmeter.threads.JMeterThread: Thread started: Thread Group 1-67 
2016/09/08 16:28:24 INFO  - jmeter.threads.JMeterThread: Thread started: Thread Group 1-16 
2016/09/08 16:28:24 INFO  - jmeter.threads.JMeterThread: Thread started: Thread Group 1-62 
2016/09/08 16:28:24 INFO  - jmeter.threads.JMeterThread: Thread started: Thread Group 1-17 
2016/09/08 16:28:24 INFO  - jmeter.threads.JMeterThread: Thread started: Thread Group 1-25 
2016/09/08 16:28:24 INFO  - jmeter.threads.JMeterThread: Thread started: Thread Group 1-10 
2016/09/08 16:28:24 INFO  - jmeter.threads.JMeterThread: Thread finished: Thread Group 1-35 
2016/09/08 16:28:24 INFO  - jmeter.threads.JMeterThread: Thread started: Thread Group 1-14 
2016/09/08 16:28:24 INFO  - jmeter.threads.JMeterThread: Thread started: Thread Group 1-95 
2016/09/08 16:28:24 INFO  - jmeter.threads.JMeterThread: Thread started: Thread Group 1-13 
2016/09/08 16:28:24 INFO  - jmeter.threads.JMeterThread: Thread started: Thread Group 1-12 
2016/09/08 16:28:24 INFO  - jmeter.threads.JMeterThread: Thread started: Thread Group 1-45 
2016/09/08 16:28:24 INFO  - jmeter.threads.JMeterThread: Thread started: Thread Group 1-6 
2016/09/08 16:28:24 INFO  - jmeter.threads.JMeterThread: Thread started: Thread Group 1-58 
2016/09/08 16:28:24 INFO  - jmeter.threads.JMeterThread: Thread finished: Thread Group 1-6 
2016/09/08 16:28:24 INFO  - jmeter.threads.JMeterThread: Thread started: Thread Group 1-53 
2016/09/08 16:28:24 INFO  - jmeter.threads.JMeterThread: Thread started: Thread Group 1-28 
2016/09/08 16:28:24 INFO  - jmeter.threads.JMeterThread: Thread finished: Thread Group 1-71 
2016/09/08 16:28:24 INFO  - jmeter.threads.JMeterThread: Thread started: Thread Group 1-97 
2016/09/08 16:28:24 INFO  - jmeter.threads.JMeterThread: Thread started: Thread Group 1-54 
2016/09/08 16:28:24 INFO  - jmeter.threads.JMeterThread: Thread started: Thread Group 1-33 
2016/09/08 16:28:24 INFO  - jmeter.threads.JMeterThread: Thread started: Thread Group 1-22 
2016/09/08 16:28:24 INFO  - jmeter.threads.JMeterThread: Thread started: Thread Group 1-19 
2016/09/08 16:28:24 INFO  - jmeter.threads.JMeterThread: Thread started: Thread Group 1-70 
2016/09/08 16:28:24 INFO  - jmeter.threads.JMeterThread: Thread started: Thread Group 1-59 
2016/09/08 16:28:24 INFO  - jmeter.threads.JMeterThread: Thread started: Thread Group 1-78 
2016/09/08 16:28:24 INFO  - jmeter.threads.JMeterThread: Thread finished: Thread Group 1-21 
2016/09/08 16:28:24 INFO  - jmeter.threads.JMeterThread: Thread started: Thread Group 1-15 
2016/09/08 16:28:24 INFO  - jmeter.threads.JMeterThread: Thread started: Thread Group 1-73 
2016/09/08 16:28:24 INFO  - jmeter.threads.JMeterThread: Thread started: Thread Group 1-43 
2016/09/08 16:28:24 INFO  - jmeter.threads.JMeterThread: Thread started: Thread Group 1-96 
2016/09/08 16:28:24 INFO  - jmeter.threads.JMeterThread: Thread started: Thread Group 1-81 
2016/09/08 16:28:24 INFO  - jmeter.threads.JMeterThread: Thread started: Thread Group 1-65 
2016/09/08 16:28:24 INFO  - jmeter.threads.JMeterThread: Thread started: Thread Group 1-92 
2016/09/08 16:28:24 INFO  - jmeter.threads.JMeterThread: Thread started: Thread Group 1-23 
2016/09/08 16:28:24 INFO  - jmeter.threads.JMeterThread: Thread started: Thread Group 1-68 
2016/09/08 16:28:24 INFO  - jmeter.threads.JMeterThread: Thread started: Thread Group 1-90 
2016/09/08 16:28:24 INFO  - jmeter.threads.JMeterThread: Thread started: Thread Group 1-51 
2016/09/08 16:28:24 INFO  - jmeter.threads.JMeterThread: Thread finished: Thread Group 1-51 
2016/09/08 16:28:24 INFO  - jmeter.threads.JMeterThread: Thread started: Thread Group 1-11 
2016/09/08 16:28:24 INFO  - jmeter.threads.JMeterThread: Thread started: Thread Group 1-24 
2016/09/08 16:28:24 INFO  - jmeter.threads.JMeterThread: Thread finished: Thread Group 1-56 
2016/09/08 16:28:24 INFO  - jmeter.threads.JMeterThread: Thread finished: Thread Group 1-49 
2016/09/08 16:28:24 INFO  - jmeter.threads.JMeterThread: Thread started: Thread Group 1-94 
2016/09/08 16:28:24 INFO  - jmeter.threads.JMeterThread: Thread started: Thread Group 1-84 
2016/09/08 16:28:24 INFO  - jmeter.threads.JMeterThread: Thread started: Thread Group 1-20 
2016/09/08 16:28:24 INFO  - jmeter.threads.JMeterThread: Thread started: Thread Group 1-98 
2016/09/08 16:28:24 INFO  - jmeter.threads.JMeterThread: Thread finished: Thread Group 1-20 
2016/09/08 16:28:24 INFO  - jmeter.threads.JMeterThread: Thread finished: Thread Group 1-84 
2016/09/08 16:28:24 INFO  - jmeter.threads.JMeterThread: Thread finished: Thread Group 1-94 
2016/09/08 16:28:24 INFO  - jmeter.threads.JMeterThread: Thread finished: Thread Group 1-24 
2016/09/08 16:28:24 INFO  - jmeter.threads.JMeterThread: Thread finished: Thread Group 1-11 
2016/09/08 16:28:24 INFO  - jmeter.threads.JMeterThread: Thread finished: Thread Group 1-90 
2016/09/08 16:28:24 INFO  - jmeter.threads.JMeterThread: Thread finished: Thread Group 1-68 
2016/09/08 16:28:24 INFO  - jmeter.threads.JMeterThread: Thread finished: Thread Group 1-23 
2016/09/08 16:28:24 INFO  - jmeter.threads.JMeterThread: Thread finished: Thread Group 1-92 
2016/09/08 16:28:24 INFO  - jmeter.threads.JMeterThread: Thread finished: Thread Group 1-65 
2016/09/08 16:28:24 INFO  - jmeter.threads.JMeterThread: Thread finished: Thread Group 1-81 
2016/09/08 16:28:24 INFO  - jmeter.threads.JMeterThread: Thread finished: Thread Group 1-96 
2016/09/08 16:28:24 INFO  - jmeter.threads.JMeterThread: Thread finished: Thread Group 1-43 
2016/09/08 16:28:24 INFO  - jmeter.threads.JMeterThread: Thread finished: Thread Group 1-73 
2016/09/08 16:28:24 INFO  - jmeter.threads.JMeterThread: Thread finished: Thread Group 1-15 
2016/09/08 16:28:24 INFO  - jmeter.threads.JMeterThread: Thread finished: Thread Group 1-78 
2016/09/08 16:28:24 INFO  - jmeter.threads.JMeterThread: Thread finished: Thread Group 1-59 
2016/09/08 16:28:24 INFO  - jmeter.threads.JMeterThread: Thread finished: Thread Group 1-70 
2016/09/08 16:28:24 INFO  - jmeter.threads.JMeterThread: Thread finished: Thread Group 1-19 
2016/09/08 16:28:24 INFO  - jmeter.threads.JMeterThread: Thread finished: Thread Group 1-22 
2016/09/08 16:28:24 INFO  - jmeter.threads.JMeterThread: Thread finished: Thread Group 1-33 
2016/09/08 16:28:24 INFO  - jmeter.threads.JMeterThread: Thread finished: Thread Group 1-54 
2016/09/08 16:28:24 INFO  - jmeter.threads.JMeterThread: Thread finished: Thread Group 1-97 
2016/09/08 16:28:24 INFO  - jmeter.threads.JMeterThread: Thread finished: Thread Group 1-28 
2016/09/08 16:28:24 INFO  - jmeter.threads.JMeterThread: Thread finished: Thread Group 1-53 
2016/09/08 16:28:24 INFO  - jmeter.threads.JMeterThread: Thread finished: Thread Group 1-58 
2016/09/08 16:28:24 INFO  - jmeter.threads.JMeterThread: Thread finished: Thread Group 1-45 
2016/09/08 16:28:24 INFO  - jmeter.threads.JMeterThread: Thread finished: Thread Group 1-12 
2016/09/08 16:28:24 INFO  - jmeter.threads.JMeterThread: Thread finished: Thread Group 1-13 
2016/09/08 16:28:24 INFO  - jmeter.threads.JMeterThread: Thread finished: Thread Group 1-95 
2016/09/08 16:28:24 INFO  - jmeter.threads.JMeterThread: Thread finished: Thread Group 1-14 
2016/09/08 16:28:24 INFO  - jmeter.threads.JMeterThread: Thread finished: Thread Group 1-10 
2016/09/08 16:28:24 INFO  - jmeter.threads.JMeterThread: Thread finished: Thread Group 1-25 
2016/09/08 16:28:24 INFO  - jmeter.threads.JMeterThread: Thread finished: Thread Group 1-17 
2016/09/08 16:28:24 INFO  - jmeter.threads.JMeterThread: Thread finished: Thread Group 1-62 
2016/09/08 16:28:24 INFO  - jmeter.threads.JMeterThread: Thread finished: Thread Group 1-16 
2016/09/08 16:28:24 INFO  - jmeter.threads.JMeterThread: Thread finished: Thread Group 1-67 
2016/09/08 16:28:24 INFO  - jmeter.threads.JMeterThread: Thread finished: Thread Group 1-29 
2016/09/08 16:28:24 INFO  - jmeter.threads.JMeterThread: Thread finished: Thread Group 1-75 
2016/09/08 16:28:24 INFO  - jmeter.threads.JMeterThread: Thread finished: Thread Group 1-87 
2016/09/08 16:28:24 INFO  - jmeter.threads.JMeterThread: Thread finished: Thread Group 1-52 
2016/09/08 16:28:24 INFO  - jmeter.threads.JMeterThread: Thread finished: Thread Group 1-100 
2016/09/08 16:28:24 INFO  - jmeter.threads.JMeterThread: Thread finished: Thread Group 1-31 
2016/09/08 16:28:24 INFO  - jmeter.threads.JMeterThread: Thread finished: Thread Group 1-85 
2016/09/08 16:28:24 INFO  - jmeter.threads.JMeterThread: Thread finished: Thread Group 1-66 
2016/09/08 16:28:24 INFO  - jmeter.threads.JMeterThread: Thread finished: Thread Group 1-36 
2016/09/08 16:28:24 INFO  - jmeter.threads.JMeterThread: Thread finished: Thread Group 1-50 
2016/09/08 16:28:24 INFO  - jmeter.threads.JMeterThread: Thread finished: Thread Group 1-72 
2016/09/08 16:28:24 INFO  - jmeter.threads.JMeterThread: Thread finished: Thread Group 1-60 
2016/09/08 16:28:24 INFO  - jmeter.threads.JMeterThread: Thread finished: Thread Group 1-48 
2016/09/08 16:28:24 INFO  - jmeter.threads.JMeterThread: Thread finished: Thread Group 1-42 
2016/09/08 16:28:24 INFO  - jmeter.threads.JMeterThread: Thread finished: Thread Group 1-69 
2016/09/08 16:28:24 INFO  - jmeter.threads.JMeterThread: Thread finished: Thread Group 1-55 
2016/09/08 16:28:24 INFO  - jmeter.threads.JMeterThread: Thread finished: Thread Group 1-63 
2016/09/08 16:28:24 INFO  - jmeter.threads.JMeterThread: Thread finished: Thread Group 1-30 
2016/09/08 16:28:24 INFO  - jmeter.threads.JMeterThread: Thread finished: Thread Group 1-44 
2016/09/08 16:28:24 INFO  - jmeter.threads.JMeterThread: Thread finished: Thread Group 1-57 
2016/09/08 16:28:24 INFO  - jmeter.threads.JMeterThread: Thread finished: Thread Group 1-38 
2016/09/08 16:28:24 INFO  - jmeter.threads.JMeterThread: Thread finished: Thread Group 1-77 
2016/09/08 16:28:24 INFO  - jmeter.threads.JMeterThread: Thread finished: Thread Group 1-93 
2016/09/08 16:28:24 INFO  - jmeter.threads.JMeterThread: Thread finished: Thread Group 1-80 
2016/09/08 16:28:24 INFO  - jmeter.threads.JMeterThread: Thread finished: Thread Group 1-76 
2016/09/08 16:28:24 INFO  - jmeter.threads.JMeterThread: Thread finished: Thread Group 1-86 
2016/09/08 16:28:24 INFO  - jmeter.threads.JMeterThread: Thread finished: Thread Group 1-88 
2016/09/08 16:28:24 INFO  - jmeter.threads.JMeterThread: Thread finished: Thread Group 1-83 
2016/09/08 16:28:24 INFO  - jmeter.threads.JMeterThread: Thread finished: Thread Group 1-37 
2016/09/08 16:28:24 INFO  - jmeter.threads.JMeterThread: Thread finished: Thread Group 1-39 
2016/09/08 16:28:24 INFO  - jmeter.threads.JMeterThread: Thread finished: Thread Group 1-91 
2016/09/08 16:28:24 INFO  - jmeter.threads.JMeterThread: Thread finished: Thread Group 1-98 
2016/09/08 16:28:25 INFO  - jmeter.threads.JMeterThread: Thread finished: Thread Group 1-2 
2016/09/08 16:28:25 INFO  - jmeter.threads.JMeterThread: Thread finished: Thread Group 1-5 
2016/09/08 16:28:25 INFO  - jmeter.threads.JMeterThread: Thread started: Thread Group 1-9 
2016/09/08 16:28:25 INFO  - jmeter.threads.JMeterThread: Thread started: Thread Group 1-7 
2016/09/08 16:28:25 INFO  - jmeter.threads.JMeterThread: Thread finished: Thread Group 1-9 
2016/09/08 16:28:25 INFO  - jmeter.threads.JMeterThread: Thread finished: Thread Group 1-7 
2016/09/08 16:28:26 INFO  - jmeter.threads.JMeterThread: Thread finished: Thread Group 1-1 
2016/09/08 16:28:26 INFO  - jmeter.threads.JMeterThread: Thread finished: Thread Group 1-3 
2016/09/08 16:28:27 INFO  - jmeter.threads.JMeterThread: Thread finished: Thread Group 1-4 
2016/09/08 16:28:27 INFO  - jmeter.engine.StandardJMeterEngine: Notifying test listeners of end of test 
2016/09/08 16:28:27 INFO  - jmeter.engine.StandardJMeterEngine: Forced JVM shutdown requested at end of test 
